  Determining projects to restore...
  All projects are up-to-date for restore.
  OpenCombatEngine.Core -> /home/jamesp/Projects/OpenCombatEngine/src/OpenCombatEngine.Core/bin/Debug/net8.0/OpenCombatEngine.Core.dll
  OpenCombatEngine.Implementation -> /home/jamesp/Projects/OpenCombatEngine/src/OpenCombatEngine.Implementation/bin/Debug/net8.0/OpenCombatEngine.Implementation.dll
/home/jamesp/Projects/OpenCombatEngine/tests/OpenCombatEngine.Implementation.Tests/Features/LifeStealingTests.cs(12,7): warning CS0105: The using directive for 'OpenCombatEngine.Implementation.Creatures' appeared previously in this namespace [/home/jamesp/Projects/OpenCombatEngine/tests/OpenCombatEngine.Implementation.Tests/OpenCombatEngine.Implementation.Tests.csproj]
/home/jamesp/Projects/OpenCombatEngine/tests/OpenCombatEngine.Implementation.Tests/CheckManagerTests.cs(29,38): warning CS8600: Converting null literal or possible null value to non-nullable type. [/home/jamesp/Projects/OpenCombatEngine/tests/OpenCombatEngine.Implementation.Tests/OpenCombatEngine.Implementation.Tests.csproj]
/home/jamesp/Projects/OpenCombatEngine/tests/OpenCombatEngine.Implementation.Tests/CheckManagerTests.cs(53,38): warning CS8600: Converting null literal or possible null value to non-nullable type. [/home/jamesp/Projects/OpenCombatEngine/tests/OpenCombatEngine.Implementation.Tests/OpenCombatEngine.Implementation.Tests.csproj]
/home/jamesp/Projects/OpenCombatEngine/tests/OpenCombatEngine.Implementation.Tests/Builders/CharacterBuilderTests.cs(62,38): error CS1503: Argument 2: cannot convert from 'string' to 'System.Func<NSubstitute.Core.CallInfo, int>' [/home/jamesp/Projects/OpenCombatEngine/tests/OpenCombatEngine.Implementation.Tests/OpenCombatEngine.Implementation.Tests.csproj]
/home/jamesp/Projects/OpenCombatEngine/tests/OpenCombatEngine.Implementation.Tests/Builders/CharacterBuilderTests.cs(63,47): error CS1503: Argument 2: cannot convert from 'System.Collections.Generic.Dictionary<int, System.Collections.Generic.List<OpenCombatEngine.Core.Interfaces.Features.IFeature>>' to 'System.Func<NSubstitute.Core.CallInfo, System.Collections.Generic.IReadOnlyDictionary<int, System.Collections.Generic.IEnumerable<OpenCombatEngine.Core.Interfaces.Features.IFeature>>>' [/home/jamesp/Projects/OpenCombatEngine/tests/OpenCombatEngine.Implementation.Tests/OpenCombatEngine.Implementation.Tests.csproj]
/home/jamesp/Projects/OpenCombatEngine/tests/OpenCombatEngine.Implementation.Tests/Builders/CharacterBuilderTests.cs(64,23): error CS1061: 'IClassDefinition' does not contain a definition for 'Proficiencies' and no accessible extension method 'Proficiencies' accepting a first argument of type 'IClassDefinition' could be found (are you missing a using directive or an assembly reference?) [/home/jamesp/Projects/OpenCombatEngine/tests/OpenCombatEngine.Implementation.Tests/OpenCombatEngine.Implementation.Tests.csproj]
/home/jamesp/Projects/OpenCombatEngine/tests/OpenCombatEngine.Implementation.Tests/Builders/CharacterBuilderTests.cs(93,38): error CS1503: Argument 2: cannot convert from 'string' to 'System.Func<NSubstitute.Core.CallInfo, int>' [/home/jamesp/Projects/OpenCombatEngine/tests/OpenCombatEngine.Implementation.Tests/OpenCombatEngine.Implementation.Tests.csproj]
/home/jamesp/Projects/OpenCombatEngine/tests/OpenCombatEngine.Implementation.Tests/Builders/CharacterBuilderTests.cs(94,47): error CS1503: Argument 2: cannot convert from 'System.Collections.Generic.Dictionary<int, System.Collections.Generic.List<OpenCombatEngine.Core.Interfaces.Features.IFeature>>' to 'System.Func<NSubstitute.Core.CallInfo, System.Collections.Generic.IReadOnlyDictionary<int, System.Collections.Generic.IEnumerable<OpenCombatEngine.Core.Interfaces.Features.IFeature>>>' [/home/jamesp/Projects/OpenCombatEngine/tests/OpenCombatEngine.Implementation.Tests/OpenCombatEngine.Implementation.Tests.csproj]
/home/jamesp/Projects/OpenCombatEngine/tests/OpenCombatEngine.Implementation.Tests/Builders/CharacterBuilderTests.cs(95,23): error CS1061: 'IClassDefinition' does not contain a definition for 'Proficiencies' and no accessible extension method 'Proficiencies' accepting a first argument of type 'IClassDefinition' could be found (are you missing a using directive or an assembly reference?) [/home/jamesp/Projects/OpenCombatEngine/tests/OpenCombatEngine.Implementation.Tests/OpenCombatEngine.Implementation.Tests.csproj]
/home/jamesp/Projects/OpenCombatEngine/tests/OpenCombatEngine.Implementation.Tests/Content/FeatureParsingTests.cs(66,13): warning CS8602: Dereference of a possibly null reference. [/home/jamesp/Projects/OpenCombatEngine/tests/OpenCombatEngine.Implementation.Tests/OpenCombatEngine.Implementation.Tests.csproj]
/home/jamesp/Projects/OpenCombatEngine/tests/OpenCombatEngine.Implementation.Tests/Features/ActiveEffectsRollsTests.cs(102,13): warning CS8602: Dereference of a possibly null reference. [/home/jamesp/Projects/OpenCombatEngine/tests/OpenCombatEngine.Implementation.Tests/OpenCombatEngine.Implementation.Tests.csproj]
/home/jamesp/Projects/OpenCombatEngine/tests/OpenCombatEngine.Implementation.Tests/Features/RageTests.cs(67,17): warning CS8625: Cannot convert null literal to non-nullable reference type. [/home/jamesp/Projects/OpenCombatEngine/tests/OpenCombatEngine.Implementation.Tests/OpenCombatEngine.Implementation.Tests.csproj]
/home/jamesp/Projects/OpenCombatEngine/tests/OpenCombatEngine.Implementation.Tests/Features/RageTests.cs(102,17): warning CS8625: Cannot convert null literal to non-nullable reference type. [/home/jamesp/Projects/OpenCombatEngine/tests/OpenCombatEngine.Implementation.Tests/OpenCombatEngine.Implementation.Tests.csproj]
/home/jamesp/Projects/OpenCombatEngine/tests/OpenCombatEngine.Implementation.Tests/Features/OpportunityAttackTests.cs(45,40): warning CS8600: Converting null literal or possible null value to non-nullable type. [/home/jamesp/Projects/OpenCombatEngine/tests/OpenCombatEngine.Implementation.Tests/OpenCombatEngine.Implementation.Tests.csproj]
/home/jamesp/Projects/OpenCombatEngine/tests/OpenCombatEngine.Implementation.Tests/Features/ContainerTests.cs(75,26): warning CS8602: Dereference of a possibly null reference. [/home/jamesp/Projects/OpenCombatEngine/tests/OpenCombatEngine.Implementation.Tests/OpenCombatEngine.Implementation.Tests.csproj]
