/home/jamesp/Projects/OpenCombatEngine/src/OpenCombatEngine.Demo/Program.cs(96,18): warning CS8600: Converting null literal or possible null value to non-nullable type. [/home/jamesp/Projects/OpenCombatEngine/src/OpenCombatEngine.Demo/OpenCombatEngine.Demo.csproj]
/home/jamesp/Projects/OpenCombatEngine/src/OpenCombatEngine.Demo/Program.cs(96,18): warning CS8602: Dereference of a possibly null reference. [/home/jamesp/Projects/OpenCombatEngine/src/OpenCombatEngine.Demo/OpenCombatEngine.Demo.csproj]
/home/jamesp/Projects/OpenCombatEngine/src/OpenCombatEngine.Demo/Program.cs(109,52): error CS1061: 'Position?' does not contain a definition for 'X' and no accessible extension method 'X' accepting a first argument of type 'Position?' could be found (are you missing a using directive or an assembly reference?) [/home/jamesp/Projects/OpenCombatEngine/src/OpenCombatEngine.Demo/OpenCombatEngine.Demo.csproj]
/home/jamesp/Projects/OpenCombatEngine/src/OpenCombatEngine.Demo/Program.cs(109,66): error CS1061: 'Position?' does not contain a definition for 'X' and no accessible extension method 'X' accepting a first argument of type 'Position?' could be found (are you missing a using directive or an assembly reference?) [/home/jamesp/Projects/OpenCombatEngine/src/OpenCombatEngine.Demo/OpenCombatEngine.Demo.csproj]
/home/jamesp/Projects/OpenCombatEngine/src/OpenCombatEngine.Demo/Program.cs(109,89): error CS1061: 'Position?' does not contain a definition for 'Y' and no accessible extension method 'Y' accepting a first argument of type 'Position?' could be found (are you missing a using directive or an assembly reference?) [/home/jamesp/Projects/OpenCombatEngine/src/OpenCombatEngine.Demo/OpenCombatEngine.Demo.csproj]
/home/jamesp/Projects/OpenCombatEngine/src/OpenCombatEngine.Demo/Program.cs(109,103): error CS1061: 'Position?' does not contain a definition for 'Y' and no accessible extension method 'Y' accepting a first argument of type 'Position?' could be found (are you missing a using directive or an assembly reference?) [/home/jamesp/Projects/OpenCombatEngine/src/OpenCombatEngine.Demo/OpenCombatEngine.Demo.csproj]
/home/jamesp/Projects/OpenCombatEngine/src/OpenCombatEngine.Demo/Program.cs(115,36): error CS1061: 'Position?' does not contain a definition for 'X' and no accessible extension method 'X' accepting a first argument of type 'Position?' could be found (are you missing a using directive or an assembly reference?) [/home/jamesp/Projects/OpenCombatEngine/src/OpenCombatEngine.Demo/OpenCombatEngine.Demo.csproj]
/home/jamesp/Projects/OpenCombatEngine/src/OpenCombatEngine.Demo/Program.cs(115,50): error CS1061: 'Position?' does not contain a definition for 'X' and no accessible extension method 'X' accepting a first argument of type 'Position?' could be found (are you missing a using directive or an assembly reference?) [/home/jamesp/Projects/OpenCombatEngine/src/OpenCombatEngine.Demo/OpenCombatEngine.Demo.csproj]
/home/jamesp/Projects/OpenCombatEngine/src/OpenCombatEngine.Demo/Program.cs(116,36): error CS1061: 'Position?' does not contain a definition for 'Y' and no accessible extension method 'Y' accepting a first argument of type 'Position?' could be found (are you missing a using directive or an assembly reference?) [/home/jamesp/Projects/OpenCombatEngine/src/OpenCombatEngine.Demo/OpenCombatEngine.Demo.csproj]
/home/jamesp/Projects/OpenCombatEngine/src/OpenCombatEngine.Demo/Program.cs(116,50): error CS1061: 'Position?' does not contain a definition for 'Y' and no accessible extension method 'Y' accepting a first argument of type 'Position?' could be found (are you missing a using directive or an assembly reference?) [/home/jamesp/Projects/OpenCombatEngine/src/OpenCombatEngine.Demo/OpenCombatEngine.Demo.csproj]
/home/jamesp/Projects/OpenCombatEngine/src/OpenCombatEngine.Demo/Program.cs(124,54): error CS1061: 'Position?' does not contain a definition for 'X' and no accessible extension method 'X' accepting a first argument of type 'Position?' could be found (are you missing a using directive or an assembly reference?) [/home/jamesp/Projects/OpenCombatEngine/src/OpenCombatEngine.Demo/OpenCombatEngine.Demo.csproj]
/home/jamesp/Projects/OpenCombatEngine/src/OpenCombatEngine.Demo/Program.cs(124,88): error CS1061: 'Position?' does not contain a definition for 'Y' and no accessible extension method 'Y' accepting a first argument of type 'Position?' could be found (are you missing a using directive or an assembly reference?) [/home/jamesp/Projects/OpenCombatEngine/src/OpenCombatEngine.Demo/OpenCombatEngine.Demo.csproj]
/home/jamesp/Projects/OpenCombatEngine/src/OpenCombatEngine.Demo/Program.cs(124,101): error CS1061: 'Position?' does not contain a definition for 'Z' and no accessible extension method 'Z' accepting a first argument of type 'Position?' could be found (are you missing a using directive or an assembly reference?) [/home/jamesp/Projects/OpenCombatEngine/src/OpenCombatEngine.Demo/OpenCombatEngine.Demo.csproj]
/home/jamesp/Projects/OpenCombatEngine/src/OpenCombatEngine.Demo/Program.cs(127,50): error CS1061: 'Position?' does not contain a definition for 'X' and no accessible extension method 'X' accepting a first argument of type 'Position?' could be found (are you missing a using directive or an assembly reference?) [/home/jamesp/Projects/OpenCombatEngine/src/OpenCombatEngine.Demo/OpenCombatEngine.Demo.csproj]
/home/jamesp/Projects/OpenCombatEngine/src/OpenCombatEngine.Demo/Program.cs(127,67): error CS1061: 'Position?' does not contain a definition for 'Y' and no accessible extension method 'Y' accepting a first argument of type 'Position?' could be found (are you missing a using directive or an assembly reference?) [/home/jamesp/Projects/OpenCombatEngine/src/OpenCombatEngine.Demo/OpenCombatEngine.Demo.csproj]
/home/jamesp/Projects/OpenCombatEngine/src/OpenCombatEngine.Demo/Program.cs(127,80): error CS1061: 'Position?' does not contain a definition for 'Z' and no accessible extension method 'Z' accepting a first argument of type 'Position?' could be found (are you missing a using directive or an assembly reference?) [/home/jamesp/Projects/OpenCombatEngine/src/OpenCombatEngine.Demo/OpenCombatEngine.Demo.csproj]

The build failed. Fix the build errors and run again.
