  Determining projects to restore...
  All projects are up-to-date for restore.
  OpenCombatEngine.Core -> /home/jamesp/Projects/OpenCombatEngine/src/OpenCombatEngine.Core/bin/Debug/net8.0/OpenCombatEngine.Core.dll
  OpenCombatEngine.Implementation -> /home/jamesp/Projects/OpenCombatEngine/src/OpenCombatEngine.Implementation/bin/Debug/net8.0/OpenCombatEngine.Implementation.dll
/home/jamesp/Projects/OpenCombatEngine/tests/OpenCombatEngine.Implementation.Tests/Features/LifeStealingTests.cs(12,7): warning CS0105: The using directive for 'OpenCombatEngine.Implementation.Creatures' appeared previously in this namespace [/home/jamesp/Projects/OpenCombatEngine/tests/OpenCombatEngine.Implementation.Tests/OpenCombatEngine.Implementation.Tests.csproj]
/home/jamesp/Projects/OpenCombatEngine/tests/OpenCombatEngine.Implementation.Tests/CheckManagerTests.cs(29,38): warning CS8600: Converting null literal or possible null value to non-nullable type. [/home/jamesp/Projects/OpenCombatEngine/tests/OpenCombatEngine.Implementation.Tests/OpenCombatEngine.Implementation.Tests.csproj]
/home/jamesp/Projects/OpenCombatEngine/tests/OpenCombatEngine.Implementation.Tests/Core/EventSystemTests.cs(77,46): warning CS8604: Possible null reference argument for parameter 'condition' in 'Result<bool> IConditionManager.AddCondition(ICondition condition)'. [/home/jamesp/Projects/OpenCombatEngine/tests/OpenCombatEngine.Implementation.Tests/OpenCombatEngine.Implementation.Tests.csproj]
/home/jamesp/Projects/OpenCombatEngine/tests/OpenCombatEngine.Implementation.Tests/Content/FeatureParsingTests.cs(66,13): warning CS8602: Dereference of a possibly null reference. [/home/jamesp/Projects/OpenCombatEngine/tests/OpenCombatEngine.Implementation.Tests/OpenCombatEngine.Implementation.Tests.csproj]
/home/jamesp/Projects/OpenCombatEngine/tests/OpenCombatEngine.Implementation.Tests/CheckManagerTests.cs(53,38): warning CS8600: Converting null literal or possible null value to non-nullable type. [/home/jamesp/Projects/OpenCombatEngine/tests/OpenCombatEngine.Implementation.Tests/OpenCombatEngine.Implementation.Tests.csproj]
/home/jamesp/Projects/OpenCombatEngine/tests/OpenCombatEngine.Implementation.Tests/Serialization/CombatSerializationTests.cs(100,13): warning CS8602: Dereference of a possibly null reference. [/home/jamesp/Projects/OpenCombatEngine/tests/OpenCombatEngine.Implementation.Tests/OpenCombatEngine.Implementation.Tests.csproj]
/home/jamesp/Projects/OpenCombatEngine/tests/OpenCombatEngine.Implementation.Tests/Features/ActiveEffectsRollsTests.cs(102,13): warning CS8602: Dereference of a possibly null reference. [/home/jamesp/Projects/OpenCombatEngine/tests/OpenCombatEngine.Implementation.Tests/OpenCombatEngine.Implementation.Tests.csproj]
/home/jamesp/Projects/OpenCombatEngine/tests/OpenCombatEngine.Implementation.Tests/Features/ContainerTests.cs(75,26): warning CS8602: Dereference of a possibly null reference. [/home/jamesp/Projects/OpenCombatEngine/tests/OpenCombatEngine.Implementation.Tests/OpenCombatEngine.Implementation.Tests.csproj]
/home/jamesp/Projects/OpenCombatEngine/tests/OpenCombatEngine.Implementation.Tests/Features/EndToEndCombatTests.cs(28,59): error CS1503: Argument 1: cannot convert from 'OpenCombatEngine.Implementation.Spatial.StandardGridManager' to 'OpenCombatEngine.Core.Interfaces.ITurnManager' [/home/jamesp/Projects/OpenCombatEngine/tests/OpenCombatEngine.Implementation.Tests/OpenCombatEngine.Implementation.Tests.csproj]
/home/jamesp/Projects/OpenCombatEngine/tests/OpenCombatEngine.Implementation.Tests/Features/EndToEndCombatTests.cs(75,13): error CS0200: Property or indexer 'ICreature.Team' cannot be assigned to -- it is read only [/home/jamesp/Projects/OpenCombatEngine/tests/OpenCombatEngine.Implementation.Tests/OpenCombatEngine.Implementation.Tests.csproj]
/home/jamesp/Projects/OpenCombatEngine/tests/OpenCombatEngine.Implementation.Tests/Features/EndToEndCombatTests.cs(80,13): error CS0200: Property or indexer 'ICreature.Team' cannot be assigned to -- it is read only [/home/jamesp/Projects/OpenCombatEngine/tests/OpenCombatEngine.Implementation.Tests/OpenCombatEngine.Implementation.Tests.csproj]
/home/jamesp/Projects/OpenCombatEngine/tests/OpenCombatEngine.Implementation.Tests/Features/EndToEndCombatTests.cs(88,27): error CS1061: 'StandardCombatManager' does not contain a definition for 'AddCreature' and no accessible extension method 'AddCreature' accepting a first argument of type 'StandardCombatManager' could be found (are you missing a using directive or an assembly reference?) [/home/jamesp/Projects/OpenCombatEngine/tests/OpenCombatEngine.Implementation.Tests/OpenCombatEngine.Implementation.Tests.csproj]
/home/jamesp/Projects/OpenCombatEngine/tests/OpenCombatEngine.Implementation.Tests/Features/EndToEndCombatTests.cs(89,27): error CS1061: 'StandardCombatManager' does not contain a definition for 'AddCreature' and no accessible extension method 'AddCreature' accepting a first argument of type 'StandardCombatManager' could be found (are you missing a using directive or an assembly reference?) [/home/jamesp/Projects/OpenCombatEngine/tests/OpenCombatEngine.Implementation.Tests/OpenCombatEngine.Implementation.Tests.csproj]
/home/jamesp/Projects/OpenCombatEngine/tests/OpenCombatEngine.Implementation.Tests/Features/EndToEndCombatTests.cs(92,27): error CS7036: There is no argument given that corresponds to the required parameter 'participants' of 'StandardCombatManager.StartEncounter(IEnumerable<ICreature>)' [/home/jamesp/Projects/OpenCombatEngine/tests/OpenCombatEngine.Implementation.Tests/OpenCombatEngine.Implementation.Tests.csproj]
/home/jamesp/Projects/OpenCombatEngine/tests/OpenCombatEngine.Implementation.Tests/Features/EndToEndCombatTests.cs(93,27): error CS1061: 'StandardCombatManager' does not contain a definition for 'IsCombatActive' and no accessible extension method 'IsCombatActive' accepting a first argument of type 'StandardCombatManager' could be found (are you missing a using directive or an assembly reference?) [/home/jamesp/Projects/OpenCombatEngine/tests/OpenCombatEngine.Implementation.Tests/OpenCombatEngine.Implementation.Tests.csproj]
/home/jamesp/Projects/OpenCombatEngine/tests/OpenCombatEngine.Implementation.Tests/Features/EndToEndCombatTests.cs(106,36): error CS1061: 'StandardCombatManager' does not contain a definition for 'IsCombatActive' and no accessible extension method 'IsCombatActive' accepting a first argument of type 'StandardCombatManager' could be found (are you missing a using directive or an assembly reference?) [/home/jamesp/Projects/OpenCombatEngine/tests/OpenCombatEngine.Implementation.Tests/OpenCombatEngine.Implementation.Tests.csproj]
/home/jamesp/Projects/OpenCombatEngine/tests/OpenCombatEngine.Implementation.Tests/Features/EndToEndCombatTests.cs(109,47): error CS1061: 'StandardCombatManager' does not contain a definition for 'TurnManager' and no accessible extension method 'TurnManager' accepting a first argument of type 'StandardCombatManager' could be found (are you missing a using directive or an assembly reference?) [/home/jamesp/Projects/OpenCombatEngine/tests/OpenCombatEngine.Implementation.Tests/OpenCombatEngine.Implementation.Tests.csproj]
/home/jamesp/Projects/OpenCombatEngine/tests/OpenCombatEngine.Implementation.Tests/Features/EndToEndCombatTests.cs(121,54): error CS1061: 'StandardCombatManager' does not contain a definition for 'TurnManager' and no accessible extension method 'TurnManager' accepting a first argument of type 'StandardCombatManager' could be found (are you missing a using directive or an assembly reference?) [/home/jamesp/Projects/OpenCombatEngine/tests/OpenCombatEngine.Implementation.Tests/OpenCombatEngine.Implementation.Tests.csproj]
/home/jamesp/Projects/OpenCombatEngine/tests/OpenCombatEngine.Implementation.Tests/Features/EndToEndCombatTests.cs(128,59): error CS1061: 'StandardCombatManager' does not contain a definition for 'TurnManager' and no accessible extension method 'TurnManager' accepting a first argument of type 'StandardCombatManager' could be found (are you missing a using directive or an assembly reference?) [/home/jamesp/Projects/OpenCombatEngine/tests/OpenCombatEngine.Implementation.Tests/OpenCombatEngine.Implementation.Tests.csproj]
/home/jamesp/Projects/OpenCombatEngine/tests/OpenCombatEngine.Implementation.Tests/Features/EndToEndCombatTests.cs(132,32): error CS1061: 'StandardCombatManager' does not contain a definition for 'NextTurn' and no accessible extension method 'NextTurn' accepting a first argument of type 'StandardCombatManager' could be found (are you missing a using directive or an assembly reference?) [/home/jamesp/Projects/OpenCombatEngine/tests/OpenCombatEngine.Implementation.Tests/OpenCombatEngine.Implementation.Tests.csproj]
/home/jamesp/Projects/OpenCombatEngine/tests/OpenCombatEngine.Implementation.Tests/Features/EndToEndCombatTests.cs(146,27): error CS1061: 'StandardCombatManager' does not contain a definition for 'TurnManager' and no accessible extension method 'TurnManager' accepting a first argument of type 'StandardCombatManager' could be found (are you missing a using directive or an assembly reference?) [/home/jamesp/Projects/OpenCombatEngine/tests/OpenCombatEngine.Implementation.Tests/OpenCombatEngine.Implementation.Tests.csproj]
/home/jamesp/Projects/OpenCombatEngine/tests/OpenCombatEngine.Implementation.Tests/Features/EndToEndCombatTests.cs(66,13): warning CS8620: Argument of type 'Task<Open5eMonster?>' cannot be used for parameter 'value' of type 'Task<Open5eMonster>' in 'ConfiguredCall SubstituteExtensions.Returns<Task<Open5eMonster>>(Task<Open5eMonster> value, Task<Open5eMonster> returnThis, params Task<Open5eMonster>[] returnThese)' due to differences in the nullability of reference types. [/home/jamesp/Projects/OpenCombatEngine/tests/OpenCombatEngine.Implementation.Tests/OpenCombatEngine.Implementation.Tests.csproj]
/home/jamesp/Projects/OpenCombatEngine/tests/OpenCombatEngine.Implementation.Tests/Features/EndToEndCombatTests.cs(67,13): warning CS8620: Argument of type 'Task<Open5eMonster?>' cannot be used for parameter 'value' of type 'Task<Open5eMonster>' in 'ConfiguredCall SubstituteExtensions.Returns<Task<Open5eMonster>>(Task<Open5eMonster> value, Task<Open5eMonster> returnThis, params Task<Open5eMonster>[] returnThese)' due to differences in the nullability of reference types. [/home/jamesp/Projects/OpenCombatEngine/tests/OpenCombatEngine.Implementation.Tests/OpenCombatEngine.Implementation.Tests.csproj]
/home/jamesp/Projects/OpenCombatEngine/tests/OpenCombatEngine.Implementation.Tests/Features/RageTests.cs(67,17): warning CS8625: Cannot convert null literal to non-nullable reference type. [/home/jamesp/Projects/OpenCombatEngine/tests/OpenCombatEngine.Implementation.Tests/OpenCombatEngine.Implementation.Tests.csproj]
/home/jamesp/Projects/OpenCombatEngine/tests/OpenCombatEngine.Implementation.Tests/Features/OpportunityAttackTests.cs(45,40): warning CS8600: Converting null literal or possible null value to non-nullable type. [/home/jamesp/Projects/OpenCombatEngine/tests/OpenCombatEngine.Implementation.Tests/OpenCombatEngine.Implementation.Tests.csproj]
/home/jamesp/Projects/OpenCombatEngine/tests/OpenCombatEngine.Implementation.Tests/Features/RageTests.cs(102,17): warning CS8625: Cannot convert null literal to non-nullable reference type. [/home/jamesp/Projects/OpenCombatEngine/tests/OpenCombatEngine.Implementation.Tests/OpenCombatEngine.Implementation.Tests.csproj]
