  Determining projects to restore...
  All projects are up-to-date for restore.
  OpenCombatEngine.Core -> /home/jamesp/Projects/OpenCombatEngine/src/OpenCombatEngine.Core/bin/Debug/net8.0/OpenCombatEngine.Core.dll
  OpenCombatEngine.Implementation -> /home/jamesp/Projects/OpenCombatEngine/src/OpenCombatEngine.Implementation/bin/Debug/net8.0/OpenCombatEngine.Implementation.dll
/home/jamesp/Projects/OpenCombatEngine/tests/OpenCombatEngine.Implementation.Tests/Features/LifeStealingTests.cs(12,7): warning CS0105: The using directive for 'OpenCombatEngine.Implementation.Creatures' appeared previously in this namespace [/home/jamesp/Projects/OpenCombatEngine/tests/OpenCombatEngine.Implementation.Tests/OpenCombatEngine.Implementation.Tests.csproj]
/home/jamesp/Projects/OpenCombatEngine/tests/OpenCombatEngine.Implementation.Tests/CheckManagerTests.cs(29,38): warning CS8600: Converting null literal or possible null value to non-nullable type. [/home/jamesp/Projects/OpenCombatEngine/tests/OpenCombatEngine.Implementation.Tests/OpenCombatEngine.Implementation.Tests.csproj]
/home/jamesp/Projects/OpenCombatEngine/tests/OpenCombatEngine.Implementation.Tests/CheckManagerTests.cs(53,38): warning CS8600: Converting null literal or possible null value to non-nullable type. [/home/jamesp/Projects/OpenCombatEngine/tests/OpenCombatEngine.Implementation.Tests/OpenCombatEngine.Implementation.Tests.csproj]
/home/jamesp/Projects/OpenCombatEngine/tests/OpenCombatEngine.Implementation.Tests/Content/FeatureParsingTests.cs(66,13): warning CS8602: Dereference of a possibly null reference. [/home/jamesp/Projects/OpenCombatEngine/tests/OpenCombatEngine.Implementation.Tests/OpenCombatEngine.Implementation.Tests.csproj]
/home/jamesp/Projects/OpenCombatEngine/tests/OpenCombatEngine.Implementation.Tests/Core/EventSystemTests.cs(77,46): warning CS8604: Possible null reference argument for parameter 'condition' in 'Result<bool> IConditionManager.AddCondition(ICondition condition)'. [/home/jamesp/Projects/OpenCombatEngine/tests/OpenCombatEngine.Implementation.Tests/OpenCombatEngine.Implementation.Tests.csproj]
/home/jamesp/Projects/OpenCombatEngine/tests/OpenCombatEngine.Implementation.Tests/Serialization/CombatSerializationTests.cs(100,13): warning CS8602: Dereference of a possibly null reference. [/home/jamesp/Projects/OpenCombatEngine/tests/OpenCombatEngine.Implementation.Tests/OpenCombatEngine.Implementation.Tests.csproj]
/home/jamesp/Projects/OpenCombatEngine/tests/OpenCombatEngine.Implementation.Tests/Features/ActiveEffectsRollsTests.cs(102,13): warning CS8602: Dereference of a possibly null reference. [/home/jamesp/Projects/OpenCombatEngine/tests/OpenCombatEngine.Implementation.Tests/OpenCombatEngine.Implementation.Tests.csproj]
/home/jamesp/Projects/OpenCombatEngine/tests/OpenCombatEngine.Implementation.Tests/Features/ContainerTests.cs(75,26): warning CS8602: Dereference of a possibly null reference. [/home/jamesp/Projects/OpenCombatEngine/tests/OpenCombatEngine.Implementation.Tests/OpenCombatEngine.Implementation.Tests.csproj]
/home/jamesp/Projects/OpenCombatEngine/tests/OpenCombatEngine.Implementation.Tests/Features/EndToEndCombatTests.cs(114,25): error CS1061: 'StandardTurnManager' does not contain a definition for 'IsCombatActive' and no accessible extension method 'IsCombatActive' accepting a first argument of type 'StandardTurnManager' could be found (are you missing a using directive or an assembly reference?) [/home/jamesp/Projects/OpenCombatEngine/tests/OpenCombatEngine.Implementation.Tests/OpenCombatEngine.Implementation.Tests.csproj]
/home/jamesp/Projects/OpenCombatEngine/tests/OpenCombatEngine.Implementation.Tests/Features/EndToEndCombatTests.cs(123,34): error CS1061: 'StandardTurnManager' does not contain a definition for 'IsCombatActive' and no accessible extension method 'IsCombatActive' accepting a first argument of type 'StandardTurnManager' could be found (are you missing a using directive or an assembly reference?) [/home/jamesp/Projects/OpenCombatEngine/tests/OpenCombatEngine.Implementation.Tests/OpenCombatEngine.Implementation.Tests.csproj]
/home/jamesp/Projects/OpenCombatEngine/tests/OpenCombatEngine.Implementation.Tests/Features/EndToEndCombatTests.cs(148,25): error CS1061: 'StandardTurnManager' does not contain a definition for 'RoundCount' and no accessible extension method 'RoundCount' accepting a first argument of type 'StandardTurnManager' could be found (are you missing a using directive or an assembly reference?) [/home/jamesp/Projects/OpenCombatEngine/tests/OpenCombatEngine.Implementation.Tests/OpenCombatEngine.Implementation.Tests.csproj]
/home/jamesp/Projects/OpenCombatEngine/tests/OpenCombatEngine.Implementation.Tests/Features/EndToEndCombatTests.cs(132,78): warning CS8629: Nullable value type may be null. [/home/jamesp/Projects/OpenCombatEngine/tests/OpenCombatEngine.Implementation.Tests/OpenCombatEngine.Implementation.Tests.csproj]
/home/jamesp/Projects/OpenCombatEngine/tests/OpenCombatEngine.Implementation.Tests/Features/RageTests.cs(67,17): warning CS8625: Cannot convert null literal to non-nullable reference type. [/home/jamesp/Projects/OpenCombatEngine/tests/OpenCombatEngine.Implementation.Tests/OpenCombatEngine.Implementation.Tests.csproj]
/home/jamesp/Projects/OpenCombatEngine/tests/OpenCombatEngine.Implementation.Tests/Features/RageTests.cs(102,17): warning CS8625: Cannot convert null literal to non-nullable reference type. [/home/jamesp/Projects/OpenCombatEngine/tests/OpenCombatEngine.Implementation.Tests/OpenCombatEngine.Implementation.Tests.csproj]
/home/jamesp/Projects/OpenCombatEngine/tests/OpenCombatEngine.Implementation.Tests/Features/OpportunityAttackTests.cs(45,40): warning CS8600: Converting null literal or possible null value to non-nullable type. [/home/jamesp/Projects/OpenCombatEngine/tests/OpenCombatEngine.Implementation.Tests/OpenCombatEngine.Implementation.Tests.csproj]
