  Determining projects to restore...
  All projects are up-to-date for restore.
  OpenCombatEngine.Core -> /home/jamesp/Projects/OpenCombatEngine/src/OpenCombatEngine.Core/bin/Debug/net8.0/OpenCombatEngine.Core.dll
  OpenCombatEngine.Implementation -> /home/jamesp/Projects/OpenCombatEngine/src/OpenCombatEngine.Implementation/bin/Debug/net8.0/OpenCombatEngine.Implementation.dll
/home/jamesp/Projects/OpenCombatEngine/tests/OpenCombatEngine.Implementation.Tests/Features/LifeStealingTests.cs(12,7): warning CS0105: The using directive for 'OpenCombatEngine.Implementation.Creatures' appeared previously in this namespace [/home/jamesp/Projects/OpenCombatEngine/tests/OpenCombatEngine.Implementation.Tests/OpenCombatEngine.Implementation.Tests.csproj]
/home/jamesp/Projects/OpenCombatEngine/tests/OpenCombatEngine.Implementation.Tests/CheckManagerTests.cs(29,38): warning CS8600: Converting null literal or possible null value to non-nullable type. [/home/jamesp/Projects/OpenCombatEngine/tests/OpenCombatEngine.Implementation.Tests/OpenCombatEngine.Implementation.Tests.csproj]
/home/jamesp/Projects/OpenCombatEngine/tests/OpenCombatEngine.Implementation.Tests/CheckManagerTests.cs(53,38): warning CS8600: Converting null literal or possible null value to non-nullable type. [/home/jamesp/Projects/OpenCombatEngine/tests/OpenCombatEngine.Implementation.Tests/OpenCombatEngine.Implementation.Tests.csproj]
/home/jamesp/Projects/OpenCombatEngine/tests/OpenCombatEngine.Implementation.Tests/Core/EventSystemTests.cs(77,46): warning CS8604: Possible null reference argument for parameter 'condition' in 'Result<bool> IConditionManager.AddCondition(ICondition condition)'. [/home/jamesp/Projects/OpenCombatEngine/tests/OpenCombatEngine.Implementation.Tests/OpenCombatEngine.Implementation.Tests.csproj]
/home/jamesp/Projects/OpenCombatEngine/tests/OpenCombatEngine.Implementation.Tests/Content/FeatureParsingTests.cs(66,13): warning CS8602: Dereference of a possibly null reference. [/home/jamesp/Projects/OpenCombatEngine/tests/OpenCombatEngine.Implementation.Tests/OpenCombatEngine.Implementation.Tests.csproj]
/home/jamesp/Projects/OpenCombatEngine/tests/OpenCombatEngine.Implementation.Tests/Features/ActiveEffectsRollsTests.cs(102,13): warning CS8602: Dereference of a possibly null reference. [/home/jamesp/Projects/OpenCombatEngine/tests/OpenCombatEngine.Implementation.Tests/OpenCombatEngine.Implementation.Tests.csproj]
/home/jamesp/Projects/OpenCombatEngine/tests/OpenCombatEngine.Implementation.Tests/Features/AutoBattlerTests.cs(29,32): error CS1729: 'StandardGridManager' does not contain a constructor that takes 3 arguments [/home/jamesp/Projects/OpenCombatEngine/tests/OpenCombatEngine.Implementation.Tests/OpenCombatEngine.Implementation.Tests.csproj]
/home/jamesp/Projects/OpenCombatEngine/tests/OpenCombatEngine.Implementation.Tests/Features/ContainerTests.cs(75,26): warning CS8602: Dereference of a possibly null reference. [/home/jamesp/Projects/OpenCombatEngine/tests/OpenCombatEngine.Implementation.Tests/OpenCombatEngine.Implementation.Tests.csproj]
/home/jamesp/Projects/OpenCombatEngine/tests/OpenCombatEngine.Implementation.Tests/Features/AutoBattlerTests.cs(51,47): error CS1503: Argument 1: cannot convert from 'OpenCombatEngine.Implementation.Spatial.StandardGridManager' to 'int' [/home/jamesp/Projects/OpenCombatEngine/tests/OpenCombatEngine.Implementation.Tests/OpenCombatEngine.Implementation.Tests.csproj]
/home/jamesp/Projects/OpenCombatEngine/tests/OpenCombatEngine.Implementation.Tests/Features/EndToEndCombatTests.cs(47,33): error CS0103: The name 'turnManager' does not exist in the current context [/home/jamesp/Projects/OpenCombatEngine/tests/OpenCombatEngine.Implementation.Tests/OpenCombatEngine.Implementation.Tests.csproj]
/home/jamesp/Projects/OpenCombatEngine/tests/OpenCombatEngine.Implementation.Tests/Features/EndToEndCombatTests.cs(51,58): error CS0103: The name 'newTurnManager' does not exist in the current context [/home/jamesp/Projects/OpenCombatEngine/tests/OpenCombatEngine.Implementation.Tests/OpenCombatEngine.Implementation.Tests.csproj]
/home/jamesp/Projects/OpenCombatEngine/tests/OpenCombatEngine.Implementation.Tests/Features/EndToEndCombatTests.cs(54,55): error CS0103: The name 'loadedHero' does not exist in the current context [/home/jamesp/Projects/OpenCombatEngine/tests/OpenCombatEngine.Implementation.Tests/OpenCombatEngine.Implementation.Tests.csproj]
/home/jamesp/Projects/OpenCombatEngine/tests/OpenCombatEngine.Implementation.Tests/Features/EndToEndCombatTests.cs(54,68): error CS0103: The name 'loadedGoblin' does not exist in the current context [/home/jamesp/Projects/OpenCombatEngine/tests/OpenCombatEngine.Implementation.Tests/OpenCombatEngine.Implementation.Tests.csproj]
/home/jamesp/Projects/OpenCombatEngine/tests/OpenCombatEngine.Implementation.Tests/Features/EndToEndCombatTests.cs(54,83): error CS0103: The name 'loadedHero' does not exist in the current context [/home/jamesp/Projects/OpenCombatEngine/tests/OpenCombatEngine.Implementation.Tests/OpenCombatEngine.Implementation.Tests.csproj]
/home/jamesp/Projects/OpenCombatEngine/tests/OpenCombatEngine.Implementation.Tests/Features/EndToEndCombatTests.cs(59,13): error CS0103: The name 'newCombatManager' does not exist in the current context [/home/jamesp/Projects/OpenCombatEngine/tests/OpenCombatEngine.Implementation.Tests/OpenCombatEngine.Implementation.Tests.csproj]
/home/jamesp/Projects/OpenCombatEngine/tests/OpenCombatEngine.Implementation.Tests/Features/EndToEndCombatTests.cs(57,18): warning CS0219: The variable 'encounterEnded' is assigned but its value is never used [/home/jamesp/Projects/OpenCombatEngine/tests/OpenCombatEngine.Implementation.Tests/OpenCombatEngine.Implementation.Tests.csproj]
/home/jamesp/Projects/OpenCombatEngine/tests/OpenCombatEngine.Implementation.Tests/Serialization/CombatSerializationTests.cs(100,13): warning CS8602: Dereference of a possibly null reference. [/home/jamesp/Projects/OpenCombatEngine/tests/OpenCombatEngine.Implementation.Tests/OpenCombatEngine.Implementation.Tests.csproj]
/home/jamesp/Projects/OpenCombatEngine/tests/OpenCombatEngine.Implementation.Tests/Features/OpportunityAttackTests.cs(45,40): warning CS8600: Converting null literal or possible null value to non-nullable type. [/home/jamesp/Projects/OpenCombatEngine/tests/OpenCombatEngine.Implementation.Tests/OpenCombatEngine.Implementation.Tests.csproj]
/home/jamesp/Projects/OpenCombatEngine/tests/OpenCombatEngine.Implementation.Tests/Features/RageTests.cs(67,17): warning CS8625: Cannot convert null literal to non-nullable reference type. [/home/jamesp/Projects/OpenCombatEngine/tests/OpenCombatEngine.Implementation.Tests/OpenCombatEngine.Implementation.Tests.csproj]
/home/jamesp/Projects/OpenCombatEngine/tests/OpenCombatEngine.Implementation.Tests/Features/RageTests.cs(102,17): warning CS8625: Cannot convert null literal to non-nullable reference type. [/home/jamesp/Projects/OpenCombatEngine/tests/OpenCombatEngine.Implementation.Tests/OpenCombatEngine.Implementation.Tests.csproj]
